{
  "check": {
    "id": "9n4670zfys5d33x6xvw9",
    "userPhone": "1234567890",
    "protocol": "http",
    "url": "www.google.com/lol",
    "method": "get",
    "successCodes": [
      200,
      201
    ],
    "timeoutSeconds": 3,
    "state": "down",
    "lastChecked": 1532626558897
  },
  "outcome": {
    "error": false,
    "responseCode": 404
  },
  "state": "down",
  "alert": false,
  "time": 1532672160704
}{"check":{"id":"9n4670zfys5d33x6xvw9","userPhone":"1234567890","protocol":"http","url":"www.google.com/lol","method":"get","successCodes":[200,201],"timeoutSeconds":3,"state":"down","lastChecked":1532672160704},"outcome":{"error":false,"responseCode":404},"state":"down","alert":false,"time":1532690754832}
{"check":{"id":"9n4670zfys5d33x6xvw9","userPhone":"1234567890","protocol":"http","url":"www.google.com/lol","method":"get","successCodes":[200,201],"timeoutSeconds":3,"state":"down","lastChecked":1532690754832},"outcome":{"error":false,"responseCode":404},"state":"down","alert":false,"time":1532690781934}
{"check":{"id":"9n4670zfys5d33x6xvw9","userPhone":"1234567890","protocol":"http","url":"www.google.com/lol","method":"get","successCodes":[200,201],"timeoutSeconds":3,"state":"down","lastChecked":1532690781934},"outcome":{"error":false,"responseCode":404},"state":"down","alert":false,"time":1532690841928}
{"check":{"id":"9n4670zfys5d33x6xvw9","userPhone":"1234567890","protocol":"http","url":"www.google.com/lol","method":"get","successCodes":[200,201],"timeoutSeconds":3,"state":"down","lastChecked":1532690841928},"outcome":{"error":false,"responseCode":404},"state":"down","alert":false,"time":1532690859083}
{"check":{"id":"9n4670zfys5d33x6xvw9","userPhone":"1234567890","protocol":"http","url":"www.google.com/lol","method":"get","successCodes":[200,201],"timeoutSeconds":3,"state":"down","lastChecked":1532690859083},"outcome":{"error":false,"responseCode":404},"state":"down","alert":false,"time":1532690892616}
{"check":{"id":"9n4670zfys5d33x6xvw9","userPhone":"1234567890","protocol":"http","url":"www.google.com/lol","method":"get","successCodes":[200,201],"timeoutSeconds":3,"state":"down","lastChecked":1532690892616},"outcome":{"error":false,"responseCode":404},"state":"down","alert":false,"time":1532692273649}
{"check":{"id":"9n4670zfys5d33x6xvw9","userPhone":"1234567890","protocol":"http","url":"www.google.com/lol","method":"get","successCodes":[200,201],"timeoutSeconds":3,"state":"down","lastChecked":1532692273649},"outcome":{"error":false,"responseCode":404},"state":"down","alert":false,"time":1532692310055}
{"check":{"id":"9n4670zfys5d33x6xvw9","userPhone":"1234567890","protocol":"http","url":"www.google.com/lol","method":"get","successCodes":[200,201],"timeoutSeconds":3,"state":"down","lastChecked":1532692310055},"outcome":{"error":false,"responseCode":404},"state":"down","alert":false,"time":1532692328064}
{"check":{"id":"9n4670zfys5d33x6xvw9","userPhone":"1234567890","protocol":"http","url":"www.google.com/lol","method":"get","successCodes":[200,201],"timeoutSeconds":3,"state":"down","lastChecked":1532692328064},"outcome":{"error":false,"responseCode":404},"state":"down","alert":false,"time":1532692388085}
{"check":{"id":"9n4670zfys5d33x6xvw9","userPhone":"1234567890","protocol":"http","url":"www.google.com/lol","method":"get","successCodes":[200,201],"timeoutSeconds":3,"state":"down","lastChecked":1532692388085},"outcome":{"error":false,"responseCode":404},"state":"down","alert":false,"time":1532692448132}
{"check":{"id":"9n4670zfys5d33x6xvw9","userPhone":"1234567890","protocol":"http","url":"www.google.com/lol","method":"get","successCodes":[200,201],"timeoutSeconds":3,"state":"down","lastChecked":1532692448132},"outcome":{"error":false,"responseCode":404},"state":"down","alert":false,"time":1532693573283}
{"check":{"id":"9n4670zfys5d33x6xvw9","userPhone":"1234567890","protocol":"http","url":"www.google.com/lol","method":"get","successCodes":[200,201],"timeoutSeconds":3,"state":"down","lastChecked":1532693573283},"outcome":{"error":false,"responseCode":404},"state":"down","alert":false,"time":1532693633322}
{"check":{"id":"9n4670zfys5d33x6xvw9","userPhone":"1234567890","protocol":"http","url":"www.google.com/lol","method":"get","successCodes":[200,201],"timeoutSeconds":3,"state":"down","lastChecked":1532693633322},"outcome":{"error":false,"responseCode":404},"state":"down","alert":false,"time":1532693693310}
{"check":{"id":"9n4670zfys5d33x6xvw9","userPhone":"1234567890","protocol":"http","url":"www.google.com/lol","method":"get","successCodes":[200,201],"timeoutSeconds":3,"state":"down","lastChecked":1532693693310},"outcome":{"error":false,"responseCode":404},"state":"down","alert":false,"time":1532693753372}
{"check":{"id":"9n4670zfys5d33x6xvw9","userPhone":"1234567890","protocol":"http","url":"www.google.com/lol","method":"get","successCodes":[200,201],"timeoutSeconds":3,"state":"down","lastChecked":1532693753372},"outcome":{"error":false,"responseCode":404},"state":"down","alert":false,"time":1532693813425}
{"check":{"id":"9n4670zfys5d33x6xvw9","userPhone":"1234567890","protocol":"http","url":"www.google.com/lol","method":"get","successCodes":[200,201],"timeoutSeconds":3,"state":"down","lastChecked":1532693813425},"outcome":{"error":false,"responseCode":404},"state":"down","alert":false,"time":1532693873446}
{"check":{"id":"9n4670zfys5d33x6xvw9","userPhone":"1234567890","protocol":"http","url":"www.google.com/lol","method":"get","successCodes":[200,201],"timeoutSeconds":3,"state":"down","lastChecked":1532693873446},"outcome":{"error":false,"responseCode":404},"state":"down","alert":false,"time":1532693933451}
{"check":{"id":"9n4670zfys5d33x6xvw9","userPhone":"1234567890","protocol":"http","url":"www.google.com/lol","method":"get","successCodes":[200,201],"timeoutSeconds":3,"state":"down","lastChecked":1532693933451},"outcome":{"error":false,"responseCode":404},"state":"down","alert":false,"time":1532693993477}
{"check":{"id":"9n4670zfys5d33x6xvw9","userPhone":"1234567890","protocol":"http","url":"www.google.com/lol","method":"get","successCodes":[200,201],"timeoutSeconds":3,"state":"down","lastChecked":1532693993477},"outcome":{"error":false,"responseCode":404},"state":"down","alert":false,"time":1532694053492}
{"check":{"id":"9n4670zfys5d33x6xvw9","userPhone":"1234567890","protocol":"http","url":"www.google.com/lol","method":"get","successCodes":[200,201],"timeoutSeconds":3,"state":"down","lastChecked":1532694053492},"outcome":{"error":false,"responseCode":404},"state":"down","alert":false,"time":1532694113495}
{"check":{"id":"9n4670zfys5d33x6xvw9","userPhone":"1234567890","protocol":"http","url":"www.google.com/lol","method":"get","successCodes":[200,201],"timeoutSeconds":3,"state":"down","lastChecked":1532694113495},"outcome":{"error":false,"responseCode":404},"state":"down","alert":false,"time":1532694173519}
{"check":{"id":"9n4670zfys5d33x6xvw9","userPhone":"1234567890","protocol":"http","url":"www.google.com/lol","method":"get","successCodes":[200,201],"timeoutSeconds":3,"state":"down","lastChecked":1532694173519},"outcome":{"error":false,"responseCode":404},"state":"down","alert":false,"time":1532694233549}
{"check":{"id":"9n4670zfys5d33x6xvw9","userPhone":"1234567890","protocol":"http","url":"www.google.com/lol","method":"get","successCodes":[200,201],"timeoutSeconds":3,"state":"down","lastChecked":1532694233549},"outcome":{"error":false,"responseCode":404},"state":"down","alert":false,"time":1532694293606}
{"check":{"id":"9n4670zfys5d33x6xvw9","userPhone":"1234567890","protocol":"http","url":"www.google.com/lol","method":"get","successCodes":[200,201],"timeoutSeconds":3,"state":"down","lastChecked":1532694293606},"outcome":{"error":false,"responseCode":404},"state":"down","alert":false,"time":1532694353613}
{"check":{"id":"9n4670zfys5d33x6xvw9","userPhone":"1234567890","protocol":"http","url":"www.google.com/lol","method":"get","successCodes":[200,201],"timeoutSeconds":3,"state":"down","lastChecked":1532694353613},"outcome":{"error":false,"responseCode":404},"state":"down","alert":false,"time":1532694414208}
{"check":{"id":"9n4670zfys5d33x6xvw9","userPhone":"1234567890","protocol":"http","url":"www.google.com/lol","method":"get","successCodes":[200,201],"timeoutSeconds":3,"state":"down","lastChecked":1532694414208},"outcome":{"error":false,"responseCode":404},"state":"down","alert":false,"time":1532694473657}
{"check":{"id":"9n4670zfys5d33x6xvw9","userPhone":"1234567890","protocol":"http","url":"www.google.com/lol","method":"get","successCodes":[200,201],"timeoutSeconds":3,"state":"down","lastChecked":1532694473657},"outcome":{"error":false,"responseCode":404},"state":"down","alert":false,"time":1532694533710}
{"check":{"id":"9n4670zfys5d33x6xvw9","userPhone":"1234567890","protocol":"http","url":"www.google.com/lol","method":"get","successCodes":[200,201],"timeoutSeconds":3,"state":"down","lastChecked":1532694533710},"outcome":{"error":{"error":true,"value":"timeout"},"responseCode":false},"state":"down","alert":false,"time":1532694596748}
{"check":{"id":"9n4670zfys5d33x6xvw9","userPhone":"1234567890","protocol":"http","url":"www.google.com/lol","method":"get","successCodes":[200,201],"timeoutSeconds":3,"state":"down","lastChecked":1532694596748},"outcome":{"error":false,"responseCode":404},"state":"down","alert":false,"time":1532694653806}
{"check":{"id":"9n4670zfys5d33x6xvw9","userPhone":"1234567890","protocol":"http","url":"www.google.com/lol","method":"get","successCodes":[200,201],"timeoutSeconds":3,"state":"down","lastChecked":1532694653806},"outcome":{"error":false,"responseCode":404},"state":"down","alert":false,"time":1532694713891}
{"check":{"id":"9n4670zfys5d33x6xvw9","userPhone":"1234567890","protocol":"http","url":"www.google.com/lol","method":"get","successCodes":[200,201],"timeoutSeconds":3,"state":"down","lastChecked":1532694713891},"outcome":{"error":false,"responseCode":404},"state":"down","alert":false,"time":1532694773930}
{"check":{"id":"9n4670zfys5d33x6xvw9","userPhone":"1234567890","protocol":"http","url":"www.google.com/lol","method":"get","successCodes":[200,201],"timeoutSeconds":3,"state":"down","lastChecked":1532694773930},"outcome":{"error":false,"responseCode":404},"state":"down","alert":false,"time":1532694833939}
{"check":{"id":"9n4670zfys5d33x6xvw9","userPhone":"1234567890","protocol":"http","url":"www.google.com/lol","method":"get","successCodes":[200,201],"timeoutSeconds":3,"state":"down","lastChecked":1532694833939},"outcome":{"error":false,"responseCode":404},"state":"down","alert":false,"time":1532694893981}
{"check":{"id":"9n4670zfys5d33x6xvw9","userPhone":"1234567890","protocol":"http","url":"www.google.com/lol","method":"get","successCodes":[200,201],"timeoutSeconds":3,"state":"down","lastChecked":1532694893981},"outcome":{"error":false,"responseCode":404},"state":"down","alert":false,"time":1532694953955}
{"check":{"id":"9n4670zfys5d33x6xvw9","userPhone":"1234567890","protocol":"http","url":"www.google.com/lol","method":"get","successCodes":[200,201],"timeoutSeconds":3,"state":"down","lastChecked":1532694953955},"outcome":{"error":false,"responseCode":404},"state":"down","alert":false,"time":1532695014021}
{"check":{"id":"9n4670zfys5d33x6xvw9","userPhone":"1234567890","protocol":"http","url":"www.google.com/lol","method":"get","successCodes":[200,201],"timeoutSeconds":3,"state":"down","lastChecked":1532695014021},"outcome":{"error":false,"responseCode":404},"state":"down","alert":false,"time":1532695074047}
{"check":{"id":"9n4670zfys5d33x6xvw9","userPhone":"1234567890","protocol":"http","url":"www.google.com/lol","method":"get","successCodes":[200,201],"timeoutSeconds":3,"state":"down","lastChecked":1532695074047},"outcome":{"error":false,"responseCode":404},"state":"down","alert":false,"time":1532695134117}
{"check":{"id":"9n4670zfys5d33x6xvw9","userPhone":"1234567890","protocol":"http","url":"www.google.com/lol","method":"get","successCodes":[200,201],"timeoutSeconds":3,"state":"down","lastChecked":1532695134117},"outcome":{"error":false,"responseCode":404},"state":"down","alert":false,"time":1532695194745}
{"check":{"id":"9n4670zfys5d33x6xvw9","userPhone":"1234567890","protocol":"http","url":"www.google.com/lol","method":"get","successCodes":[200,201],"timeoutSeconds":3,"state":"down","lastChecked":1532695194745},"outcome":{"error":false,"responseCode":404},"state":"down","alert":false,"time":1532695254160}
{"check":{"id":"9n4670zfys5d33x6xvw9","userPhone":"1234567890","protocol":"http","url":"www.google.com/lol","method":"get","successCodes":[200,201],"timeoutSeconds":3,"state":"down","lastChecked":1532695254160},"outcome":{"error":false,"responseCode":404},"state":"down","alert":false,"time":1532695314205}
{"check":{"id":"9n4670zfys5d33x6xvw9","userPhone":"1234567890","protocol":"http","url":"www.google.com/lol","method":"get","successCodes":[200,201],"timeoutSeconds":3,"state":"down","lastChecked":1532695314205},"outcome":{"error":false,"responseCode":404},"state":"down","alert":false,"time":1532695374237}
{"check":{"id":"9n4670zfys5d33x6xvw9","userPhone":"1234567890","protocol":"http","url":"www.google.com/lol","method":"get","successCodes":[200,201],"timeoutSeconds":3,"state":"down","lastChecked":1532695374237},"outcome":{"error":false,"responseCode":404},"state":"down","alert":false,"time":1532695434288}
{"check":{"id":"9n4670zfys5d33x6xvw9","userPhone":"1234567890","protocol":"http","url":"www.google.com/lol","method":"get","successCodes":[200,201],"timeoutSeconds":3,"state":"down","lastChecked":1532695434288},"outcome":{"error":false,"responseCode":404},"state":"down","alert":false,"time":1532695494303}
{"check":{"id":"9n4670zfys5d33x6xvw9","userPhone":"1234567890","protocol":"http","url":"www.google.com/lol","method":"get","successCodes":[200,201],"timeoutSeconds":3,"state":"down","lastChecked":1532695494303},"outcome":{"error":false,"responseCode":404},"state":"down","alert":false,"time":1532695554356}
{"check":{"id":"9n4670zfys5d33x6xvw9","userPhone":"1234567890","protocol":"http","url":"www.google.com/lol","method":"get","successCodes":[200,201],"timeoutSeconds":3,"state":"down","lastChecked":1532695554356},"outcome":{"error":false,"responseCode":404},"state":"down","alert":false,"time":1532695614390}
{"check":{"id":"9n4670zfys5d33x6xvw9","userPhone":"1234567890","protocol":"http","url":"www.google.com/lol","method":"get","successCodes":[200,201],"timeoutSeconds":3,"state":"down","lastChecked":1532695614390},"outcome":{"error":false,"responseCode":404},"state":"down","alert":false,"time":1532695674432}
{"check":{"id":"9n4670zfys5d33x6xvw9","userPhone":"1234567890","protocol":"http","url":"www.google.com/lol","method":"get","successCodes":[200,201],"timeoutSeconds":3,"state":"down","lastChecked":1532695674432},"outcome":{"error":false,"responseCode":404},"state":"down","alert":false,"time":1532695734447}
{"check":{"id":"9n4670zfys5d33x6xvw9","userPhone":"1234567890","protocol":"http","url":"www.google.com/lol","method":"get","successCodes":[200,201],"timeoutSeconds":3,"state":"down","lastChecked":1532695734447},"outcome":{"error":false,"responseCode":404},"state":"down","alert":false,"time":1532695794452}
{"check":{"id":"9n4670zfys5d33x6xvw9","userPhone":"1234567890","protocol":"http","url":"www.google.com/lol","method":"get","successCodes":[200,201],"timeoutSeconds":3,"state":"down","lastChecked":1532695794452},"outcome":{"error":false,"responseCode":404},"state":"down","alert":false,"time":1532695854479}
{"check":{"id":"9n4670zfys5d33x6xvw9","userPhone":"1234567890","protocol":"http","url":"www.google.com/lol","method":"get","successCodes":[200,201],"timeoutSeconds":3,"state":"down","lastChecked":1532695854479},"outcome":{"error":false,"responseCode":404},"state":"down","alert":false,"time":1532695914501}
{"check":{"id":"9n4670zfys5d33x6xvw9","userPhone":"1234567890","protocol":"http","url":"www.google.com/lol","method":"get","successCodes":[200,201],"timeoutSeconds":3,"state":"down","lastChecked":1532695914501},"outcome":{"error":false,"responseCode":404},"state":"down","alert":false,"time":1532695974534}
{"check":{"id":"9n4670zfys5d33x6xvw9","userPhone":"1234567890","protocol":"http","url":"www.google.com/lol","method":"get","successCodes":[200,201],"timeoutSeconds":3,"state":"down","lastChecked":1532695974534},"outcome":{"error":false,"responseCode":404},"state":"down","alert":false,"time":1532696035067}
{"check":{"id":"9n4670zfys5d33x6xvw9","userPhone":"1234567890","protocol":"http","url":"www.google.com/lol","method":"get","successCodes":[200,201],"timeoutSeconds":3,"state":"down","lastChecked":1532696035067},"outcome":{"error":false,"responseCode":404},"state":"down","alert":false,"time":1532696095175}
{"check":{"id":"9n4670zfys5d33x6xvw9","userPhone":"1234567890","protocol":"http","url":"www.google.com/lol","method":"get","successCodes":[200,201],"timeoutSeconds":3,"state":"down","lastChecked":1532696095175},"outcome":{"error":{"error":true,"value":"timeout"},"responseCode":false},"state":"down","alert":false,"time":1532696157554}
{"check":{"id":"9n4670zfys5d33x6xvw9","userPhone":"1234567890","protocol":"http","url":"www.google.com/lol","method":"get","successCodes":[200,201],"timeoutSeconds":3,"state":"down","lastChecked":1532696157554},"outcome":{"error":false,"responseCode":404},"state":"down","alert":false,"time":1532696215106}
{"check":{"id":"9n4670zfys5d33x6xvw9","userPhone":"1234567890","protocol":"http","url":"www.google.com/lol","method":"get","successCodes":[200,201],"timeoutSeconds":3,"state":"down","lastChecked":1532696215106},"outcome":{"error":false,"responseCode":404},"state":"down","alert":false,"time":1532696274674}
{"check":{"id":"9n4670zfys5d33x6xvw9","userPhone":"1234567890","protocol":"http","url":"www.google.com/lol","method":"get","successCodes":[200,201],"timeoutSeconds":3,"state":"down","lastChecked":1532696274674},"outcome":{"error":false,"responseCode":404},"state":"down","alert":false,"time":1532696334735}
{"check":{"id":"9n4670zfys5d33x6xvw9","userPhone":"1234567890","protocol":"http","url":"www.google.com/lol","method":"get","successCodes":[200,201],"timeoutSeconds":3,"state":"down","lastChecked":1532696334735},"outcome":{"error":false,"responseCode":404},"state":"down","alert":false,"time":1532696394784}
{"check":{"id":"9n4670zfys5d33x6xvw9","userPhone":"1234567890","protocol":"http","url":"www.google.com/lol","method":"get","successCodes":[200,201],"timeoutSeconds":3,"state":"down","lastChecked":1532696394784},"outcome":{"error":false,"responseCode":404},"state":"down","alert":false,"time":1532696454812}
{"check":{"id":"9n4670zfys5d33x6xvw9","userPhone":"1234567890","protocol":"http","url":"www.google.com/lol","method":"get","successCodes":[200,201],"timeoutSeconds":3,"state":"down","lastChecked":1532696454812},"outcome":{"error":false,"responseCode":404},"state":"down","alert":false,"time":1532696514864}
{"check":{"id":"9n4670zfys5d33x6xvw9","userPhone":"1234567890","protocol":"http","url":"www.google.com/lol","method":"get","successCodes":[200,201],"timeoutSeconds":3,"state":"down","lastChecked":1532696514864},"outcome":{"error":false,"responseCode":404},"state":"down","alert":false,"time":1532696574932}
{"check":{"id":"9n4670zfys5d33x6xvw9","userPhone":"1234567890","protocol":"http","url":"www.google.com/lol","method":"get","successCodes":[200,201],"timeoutSeconds":3,"state":"down","lastChecked":1532696574932},"outcome":{"error":false,"responseCode":404},"state":"down","alert":false,"time":1532696634955}
{"check":{"id":"9n4670zfys5d33x6xvw9","userPhone":"1234567890","protocol":"http","url":"www.google.com/lol","method":"get","successCodes":[200,201],"timeoutSeconds":3,"state":"down","lastChecked":1532696634955},"outcome":{"error":false,"responseCode":404},"state":"down","alert":false,"time":1532696695005}
{"check":{"id":"9n4670zfys5d33x6xvw9","userPhone":"1234567890","protocol":"http","url":"www.google.com/lol","method":"get","successCodes":[200,201],"timeoutSeconds":3,"state":"down","lastChecked":1532696695005},"outcome":{"error":false,"responseCode":404},"state":"down","alert":false,"time":1532696755042}
{"check":{"id":"9n4670zfys5d33x6xvw9","userPhone":"1234567890","protocol":"http","url":"www.google.com/lol","method":"get","successCodes":[200,201],"timeoutSeconds":3,"state":"down","lastChecked":1532696755042},"outcome":{"error":false,"responseCode":404},"state":"down","alert":false,"time":1532696815074}
{"check":{"id":"9n4670zfys5d33x6xvw9","userPhone":"1234567890","protocol":"http","url":"www.google.com/lol","method":"get","successCodes":[200,201],"timeoutSeconds":3,"state":"down","lastChecked":1532696815074},"outcome":{"error":false,"responseCode":404},"state":"down","alert":false,"time":1532696875130}
{"check":{"id":"9n4670zfys5d33x6xvw9","userPhone":"1234567890","protocol":"http","url":"www.google.com/lol","method":"get","successCodes":[200,201],"timeoutSeconds":3,"state":"down","lastChecked":1532696875130},"outcome":{"error":false,"responseCode":404},"state":"down","alert":false,"time":1532696935164}
{"check":{"id":"9n4670zfys5d33x6xvw9","userPhone":"1234567890","protocol":"http","url":"www.google.com/lol","method":"get","successCodes":[200,201],"timeoutSeconds":3,"state":"down","lastChecked":1532696935164},"outcome":{"error":false,"responseCode":404},"state":"down","alert":false,"time":1532696995217}
{"check":{"id":"9n4670zfys5d33x6xvw9","userPhone":"1234567890","protocol":"http","url":"www.google.com/lol","method":"get","successCodes":[200,201],"timeoutSeconds":3,"state":"down","lastChecked":1532696995217},"outcome":{"error":false,"responseCode":404},"state":"down","alert":false,"time":1532697055263}
{"check":{"id":"9n4670zfys5d33x6xvw9","userPhone":"1234567890","protocol":"http","url":"www.google.com/lol","method":"get","successCodes":[200,201],"timeoutSeconds":3,"state":"down","lastChecked":1532697055263},"outcome":{"error":false,"responseCode":404},"state":"down","alert":false,"time":1532697115288}
{"check":{"id":"9n4670zfys5d33x6xvw9","userPhone":"1234567890","protocol":"http","url":"www.google.com/lol","method":"get","successCodes":[200,201],"timeoutSeconds":3,"state":"down","lastChecked":1532697115288},"outcome":{"error":false,"responseCode":404},"state":"down","alert":false,"time":1532697175311}
{"check":{"id":"9n4670zfys5d33x6xvw9","userPhone":"1234567890","protocol":"http","url":"www.google.com/lol","method":"get","successCodes":[200,201],"timeoutSeconds":3,"state":"down","lastChecked":1532697175311},"outcome":{"error":false,"responseCode":404},"state":"down","alert":false,"time":1532697235313}
{"check":{"id":"9n4670zfys5d33x6xvw9","userPhone":"1234567890","protocol":"http","url":"www.google.com/lol","method":"get","successCodes":[200,201],"timeoutSeconds":3,"state":"down","lastChecked":1532697235313},"outcome":{"error":false,"responseCode":404},"state":"down","alert":false,"time":1532697295375}
{"check":{"id":"9n4670zfys5d33x6xvw9","userPhone":"1234567890","protocol":"http","url":"www.google.com/lol","method":"get","successCodes":[200,201],"timeoutSeconds":3,"state":"down","lastChecked":1532697295375},"outcome":{"error":false,"responseCode":404},"state":"down","alert":false,"time":1532697355400}
{"check":{"id":"9n4670zfys5d33x6xvw9","userPhone":"1234567890","protocol":"http","url":"www.google.com/lol","method":"get","successCodes":[200,201],"timeoutSeconds":3,"state":"down","lastChecked":1532697355400},"outcome":{"error":false,"responseCode":404},"state":"down","alert":false,"time":1532697415448}
{"check":{"id":"9n4670zfys5d33x6xvw9","userPhone":"1234567890","protocol":"http","url":"www.google.com/lol","method":"get","successCodes":[200,201],"timeoutSeconds":3,"state":"down","lastChecked":1532697415448},"outcome":{"error":false,"responseCode":404},"state":"down","alert":false,"time":1532697475489}
{"check":{"id":"9n4670zfys5d33x6xvw9","userPhone":"1234567890","protocol":"http","url":"www.google.com/lol","method":"get","successCodes":[200,201],"timeoutSeconds":3,"state":"down","lastChecked":1532697475489},"outcome":{"error":false,"responseCode":404},"state":"down","alert":false,"time":1532697535491}
{"check":{"id":"9n4670zfys5d33x6xvw9","userPhone":"1234567890","protocol":"http","url":"www.google.com/lol","method":"get","successCodes":[200,201],"timeoutSeconds":3,"state":"down","lastChecked":1532697535491},"outcome":{"error":false,"responseCode":404},"state":"down","alert":false,"time":1532697595551}
{"check":{"id":"9n4670zfys5d33x6xvw9","userPhone":"1234567890","protocol":"http","url":"www.google.com/lol","method":"get","successCodes":[200,201],"timeoutSeconds":3,"state":"down","lastChecked":1532697595551},"outcome":{"error":false,"responseCode":404},"state":"down","alert":false,"time":1532697655608}
{"check":{"id":"9n4670zfys5d33x6xvw9","userPhone":"1234567890","protocol":"http","url":"www.google.com/lol","method":"get","successCodes":[200,201],"timeoutSeconds":3,"state":"down","lastChecked":1532697655608},"outcome":{"error":false,"responseCode":404},"state":"down","alert":false,"time":1532697715651}
{"check":{"id":"9n4670zfys5d33x6xvw9","userPhone":"1234567890","protocol":"http","url":"www.google.com/lol","method":"get","successCodes":[200,201],"timeoutSeconds":3,"state":"down","lastChecked":1532697715651},"outcome":{"error":false,"responseCode":404},"state":"down","alert":false,"time":1532697775737}
{"check":{"id":"9n4670zfys5d33x6xvw9","userPhone":"1234567890","protocol":"http","url":"www.google.com/lol","method":"get","successCodes":[200,201],"timeoutSeconds":3,"state":"down","lastChecked":1532697775737},"outcome":{"error":false,"responseCode":404},"state":"down","alert":false,"time":1532697836556}
{"check":{"id":"9n4670zfys5d33x6xvw9","userPhone":"1234567890","protocol":"http","url":"www.google.com/lol","method":"get","successCodes":[200,201],"timeoutSeconds":3,"state":"down","lastChecked":1532697836556},"outcome":{"error":false,"responseCode":404},"state":"down","alert":false,"time":1532697896577}
{"check":{"id":"9n4670zfys5d33x6xvw9","userPhone":"1234567890","protocol":"http","url":"www.google.com/lol","method":"get","successCodes":[200,201],"timeoutSeconds":3,"state":"down","lastChecked":1532697896577},"outcome":{"error":false,"responseCode":404},"state":"down","alert":false,"time":1532697956712}
{"check":{"id":"9n4670zfys5d33x6xvw9","userPhone":"1234567890","protocol":"http","url":"www.google.com/lol","method":"get","successCodes":[200,201],"timeoutSeconds":3,"state":"down","lastChecked":1532697956712},"outcome":{"error":false,"responseCode":404},"state":"down","alert":false,"time":1532698015877}
{"check":{"id":"9n4670zfys5d33x6xvw9","userPhone":"1234567890","protocol":"http","url":"www.google.com/lol","method":"get","successCodes":[200,201],"timeoutSeconds":3,"state":"down","lastChecked":1532698015877},"outcome":{"error":false,"responseCode":404},"state":"down","alert":false,"time":1532698075938}
{"check":{"id":"9n4670zfys5d33x6xvw9","userPhone":"1234567890","protocol":"http","url":"www.google.com/lol","method":"get","successCodes":[200,201],"timeoutSeconds":3,"state":"down","lastChecked":1532698075938},"outcome":{"error":false,"responseCode":404},"state":"down","alert":false,"time":1532698135991}
{"check":{"id":"9n4670zfys5d33x6xvw9","userPhone":"1234567890","protocol":"http","url":"www.google.com/lol","method":"get","successCodes":[200,201],"timeoutSeconds":3,"state":"down","lastChecked":1532698135991},"outcome":{"error":false,"responseCode":404},"state":"down","alert":false,"time":1532698196032}
{"check":{"id":"9n4670zfys5d33x6xvw9","userPhone":"1234567890","protocol":"http","url":"www.google.com/lol","method":"get","successCodes":[200,201],"timeoutSeconds":3,"state":"down","lastChecked":1532698196032},"outcome":{"error":false,"responseCode":404},"state":"down","alert":false,"time":1532698256048}
{"check":{"id":"9n4670zfys5d33x6xvw9","userPhone":"1234567890","protocol":"http","url":"www.google.com/lol","method":"get","successCodes":[200,201],"timeoutSeconds":3,"state":"down","lastChecked":1532698256048},"outcome":{"error":false,"responseCode":404},"state":"down","alert":false,"time":1532698316100}
{"check":{"id":"9n4670zfys5d33x6xvw9","userPhone":"1234567890","protocol":"http","url":"www.google.com/lol","method":"get","successCodes":[200,201],"timeoutSeconds":3,"state":"down","lastChecked":1532698316100},"outcome":{"error":false,"responseCode":404},"state":"down","alert":false,"time":1532698376145}
{"check":{"id":"9n4670zfys5d33x6xvw9","userPhone":"1234567890","protocol":"http","url":"www.google.com/lol","method":"get","successCodes":[200,201],"timeoutSeconds":3,"state":"down","lastChecked":1532698376145},"outcome":{"error":false,"responseCode":404},"state":"down","alert":false,"time":1532698436203}
{"check":{"id":"9n4670zfys5d33x6xvw9","userPhone":"1234567890","protocol":"http","url":"www.google.com/lol","method":"get","successCodes":[200,201],"timeoutSeconds":3,"state":"down","lastChecked":1532698436203},"outcome":{"error":false,"responseCode":404},"state":"down","alert":false,"time":1532698496256}
{"check":{"id":"9n4670zfys5d33x6xvw9","userPhone":"1234567890","protocol":"http","url":"www.google.com/lol","method":"get","successCodes":[200,201],"timeoutSeconds":3,"state":"down","lastChecked":1532698496256},"outcome":{"error":false,"responseCode":404},"state":"down","alert":false,"time":1532698556328}
{"check":{"id":"9n4670zfys5d33x6xvw9","userPhone":"1234567890","protocol":"http","url":"www.google.com/lol","method":"get","successCodes":[200,201],"timeoutSeconds":3,"state":"down","lastChecked":1532698556328},"outcome":{"error":false,"responseCode":404},"state":"down","alert":false,"time":1532698616345}
{"check":{"id":"9n4670zfys5d33x6xvw9","userPhone":"1234567890","protocol":"http","url":"www.google.com/lol","method":"get","successCodes":[200,201],"timeoutSeconds":3,"state":"down","lastChecked":1532698616345},"outcome":{"error":false,"responseCode":404},"state":"down","alert":false,"time":1532698676393}
{"check":{"id":"9n4670zfys5d33x6xvw9","userPhone":"1234567890","protocol":"http","url":"www.google.com/lol","method":"get","successCodes":[200,201],"timeoutSeconds":3,"state":"down","lastChecked":1532698676393},"outcome":{"error":false,"responseCode":404},"state":"down","alert":false,"time":1532698736425}
{"check":{"id":"9n4670zfys5d33x6xvw9","userPhone":"1234567890","protocol":"http","url":"www.google.com/lol","method":"get","successCodes":[200,201],"timeoutSeconds":3,"state":"down","lastChecked":1532698736425},"outcome":{"error":false,"responseCode":404},"state":"down","alert":false,"time":1532698796425}
{"check":{"id":"9n4670zfys5d33x6xvw9","userPhone":"1234567890","protocol":"http","url":"www.google.com/lol","method":"get","successCodes":[200,201],"timeoutSeconds":3,"state":"down","lastChecked":1532698796425},"outcome":{"error":false,"responseCode":404},"state":"down","alert":false,"time":1532698856478}
{"check":{"id":"9n4670zfys5d33x6xvw9","userPhone":"1234567890","protocol":"http","url":"www.google.com/lol","method":"get","successCodes":[200,201],"timeoutSeconds":3,"state":"down","lastChecked":1532698856478},"outcome":{"error":false,"responseCode":404},"state":"down","alert":false,"time":1532698916540}
{"check":{"id":"9n4670zfys5d33x6xvw9","userPhone":"1234567890","protocol":"http","url":"www.google.com/lol","method":"get","successCodes":[200,201],"timeoutSeconds":3,"state":"down","lastChecked":1532698916540},"outcome":{"error":false,"responseCode":404},"state":"down","alert":false,"time":1532698976593}
{"check":{"id":"9n4670zfys5d33x6xvw9","userPhone":"1234567890","protocol":"http","url":"www.google.com/lol","method":"get","successCodes":[200,201],"timeoutSeconds":3,"state":"down","lastChecked":1532698976593},"outcome":{"error":false,"responseCode":404},"state":"down","alert":false,"time":1532699036622}
{"check":{"id":"9n4670zfys5d33x6xvw9","userPhone":"1234567890","protocol":"http","url":"www.google.com/lol","method":"get","successCodes":[200,201],"timeoutSeconds":3,"state":"down","lastChecked":1532699036622},"outcome":{"error":false,"responseCode":404},"state":"down","alert":false,"time":1532699096678}
{"check":{"id":"9n4670zfys5d33x6xvw9","userPhone":"1234567890","protocol":"http","url":"www.google.com/lol","method":"get","successCodes":[200,201],"timeoutSeconds":3,"state":"down","lastChecked":1532699096678},"outcome":{"error":false,"responseCode":404},"state":"down","alert":false,"time":1532699156688}
{"check":{"id":"9n4670zfys5d33x6xvw9","userPhone":"1234567890","protocol":"http","url":"www.google.com/lol","method":"get","successCodes":[200,201],"timeoutSeconds":3,"state":"down","lastChecked":1532699156688},"outcome":{"error":false,"responseCode":404},"state":"down","alert":false,"time":1532699216744}
{"check":{"id":"9n4670zfys5d33x6xvw9","userPhone":"1234567890","protocol":"http","url":"www.google.com/lol","method":"get","successCodes":[200,201],"timeoutSeconds":3,"state":"down","lastChecked":1532699216744},"outcome":{"error":false,"responseCode":404},"state":"down","alert":false,"time":1532699276796}
{"check":{"id":"9n4670zfys5d33x6xvw9","userPhone":"1234567890","protocol":"http","url":"www.google.com/lol","method":"get","successCodes":[200,201],"timeoutSeconds":3,"state":"down","lastChecked":1532699276796},"outcome":{"error":false,"responseCode":404},"state":"down","alert":false,"time":1532699336955}
{"check":{"id":"9n4670zfys5d33x6xvw9","userPhone":"1234567890","protocol":"http","url":"www.google.com/lol","method":"get","successCodes":[200,201],"timeoutSeconds":3,"state":"down","lastChecked":1532699336955},"outcome":{"error":false,"responseCode":404},"state":"down","alert":false,"time":1532699396819}
{"check":{"id":"9n4670zfys5d33x6xvw9","userPhone":"1234567890","protocol":"http","url":"www.google.com/lol","method":"get","successCodes":[200,201],"timeoutSeconds":3,"state":"down","lastChecked":1532699396819},"outcome":{"error":false,"responseCode":404},"state":"down","alert":false,"time":1532699456854}
{"check":{"id":"9n4670zfys5d33x6xvw9","userPhone":"1234567890","protocol":"http","url":"www.google.com/lol","method":"get","successCodes":[200,201],"timeoutSeconds":3,"state":"down","lastChecked":1532699456854},"outcome":{"error":false,"responseCode":404},"state":"down","alert":false,"time":1532699516911}
{"check":{"id":"9n4670zfys5d33x6xvw9","userPhone":"1234567890","protocol":"http","url":"www.google.com/lol","method":"get","successCodes":[200,201],"timeoutSeconds":3,"state":"down","lastChecked":1532699516911},"outcome":{"error":false,"responseCode":404},"state":"down","alert":false,"time":1532699576957}
{"check":{"id":"9n4670zfys5d33x6xvw9","userPhone":"1234567890","protocol":"http","url":"www.google.com/lol","method":"get","successCodes":[200,201],"timeoutSeconds":3,"state":"down","lastChecked":1532699576957},"outcome":{"error":false,"responseCode":404},"state":"down","alert":false,"time":1532699637013}
{"check":{"id":"9n4670zfys5d33x6xvw9","userPhone":"1234567890","protocol":"http","url":"www.google.com/lol","method":"get","successCodes":[200,201],"timeoutSeconds":3,"state":"down","lastChecked":1532699637013},"outcome":{"error":false,"responseCode":404},"state":"down","alert":false,"time":1532699697075}
{"check":{"id":"9n4670zfys5d33x6xvw9","userPhone":"1234567890","protocol":"http","url":"www.google.com/lol","method":"get","successCodes":[200,201],"timeoutSeconds":3,"state":"down","lastChecked":1532699697075},"outcome":{"error":false,"responseCode":404},"state":"down","alert":false,"time":1532699757078}
{"check":{"id":"9n4670zfys5d33x6xvw9","userPhone":"1234567890","protocol":"http","url":"www.google.com/lol","method":"get","successCodes":[200,201],"timeoutSeconds":3,"state":"down","lastChecked":1532699757078},"outcome":{"error":false,"responseCode":404},"state":"down","alert":false,"time":1532699817130}
{"check":{"id":"9n4670zfys5d33x6xvw9","userPhone":"1234567890","protocol":"http","url":"www.google.com/lol","method":"get","successCodes":[200,201],"timeoutSeconds":3,"state":"down","lastChecked":1532699817130},"outcome":{"error":false,"responseCode":404},"state":"down","alert":false,"time":1532699877180}
{"check":{"id":"9n4670zfys5d33x6xvw9","userPhone":"1234567890","protocol":"http","url":"www.google.com/lol","method":"get","successCodes":[200,201],"timeoutSeconds":3,"state":"down","lastChecked":1532699877180},"outcome":{"error":false,"responseCode":404},"state":"down","alert":false,"time":1532699937233}
{"check":{"id":"9n4670zfys5d33x6xvw9","userPhone":"1234567890","protocol":"http","url":"www.google.com/lol","method":"get","successCodes":[200,201],"timeoutSeconds":3,"state":"down","lastChecked":1532699937233},"outcome":{"error":false,"responseCode":404},"state":"down","alert":false,"time":1532699997238}
{"check":{"id":"9n4670zfys5d33x6xvw9","userPhone":"1234567890","protocol":"http","url":"www.google.com/lol","method":"get","successCodes":[200,201],"timeoutSeconds":3,"state":"down","lastChecked":1532699997238},"outcome":{"error":false,"responseCode":404},"state":"down","alert":false,"time":1532700057285}
{"check":{"id":"9n4670zfys5d33x6xvw9","userPhone":"1234567890","protocol":"http","url":"www.google.com/lol","method":"get","successCodes":[200,201],"timeoutSeconds":3,"state":"down","lastChecked":1532700057285},"outcome":{"error":false,"responseCode":404},"state":"down","alert":false,"time":1532700117340}
{"check":{"id":"9n4670zfys5d33x6xvw9","userPhone":"1234567890","protocol":"http","url":"www.google.com/lol","method":"get","successCodes":[200,201],"timeoutSeconds":3,"state":"down","lastChecked":1532700117340},"outcome":{"error":false,"responseCode":404},"state":"down","alert":false,"time":1532700177387}
{"check":{"id":"9n4670zfys5d33x6xvw9","userPhone":"1234567890","protocol":"http","url":"www.google.com/lol","method":"get","successCodes":[200,201],"timeoutSeconds":3,"state":"down","lastChecked":1532700177387},"outcome":{"error":false,"responseCode":404},"state":"down","alert":false,"time":1532700237425}
{"check":{"id":"9n4670zfys5d33x6xvw9","userPhone":"1234567890","protocol":"http","url":"www.google.com/lol","method":"get","successCodes":[200,201],"timeoutSeconds":3,"state":"down","lastChecked":1532700237425},"outcome":{"error":false,"responseCode":404},"state":"down","alert":false,"time":1532700297435}
{"check":{"id":"9n4670zfys5d33x6xvw9","userPhone":"1234567890","protocol":"http","url":"www.google.com/lol","method":"get","successCodes":[200,201],"timeoutSeconds":3,"state":"down","lastChecked":1532700297435},"outcome":{"error":false,"responseCode":404},"state":"down","alert":false,"time":1532700357460}
{"check":{"id":"9n4670zfys5d33x6xvw9","userPhone":"1234567890","protocol":"http","url":"www.google.com/lol","method":"get","successCodes":[200,201],"timeoutSeconds":3,"state":"down","lastChecked":1532700357460},"outcome":{"error":false,"responseCode":404},"state":"down","alert":false,"time":1532700417489}
{"check":{"id":"9n4670zfys5d33x6xvw9","userPhone":"1234567890","protocol":"http","url":"www.google.com/lol","method":"get","successCodes":[200,201],"timeoutSeconds":3,"state":"down","lastChecked":1532700417489},"outcome":{"error":false,"responseCode":404},"state":"down","alert":false,"time":1532700477552}
{"check":{"id":"9n4670zfys5d33x6xvw9","userPhone":"1234567890","protocol":"http","url":"www.google.com/lol","method":"get","successCodes":[200,201],"timeoutSeconds":3,"state":"down","lastChecked":1532700477552},"outcome":{"error":false,"responseCode":404},"state":"down","alert":false,"time":1532700537594}
{"check":{"id":"9n4670zfys5d33x6xvw9","userPhone":"1234567890","protocol":"http","url":"www.google.com/lol","method":"get","successCodes":[200,201],"timeoutSeconds":3,"state":"down","lastChecked":1532700537594},"outcome":{"error":false,"responseCode":404},"state":"down","alert":false,"time":1532700597629}
{"check":{"id":"9n4670zfys5d33x6xvw9","userPhone":"1234567890","protocol":"http","url":"www.google.com/lol","method":"get","successCodes":[200,201],"timeoutSeconds":3,"state":"down","lastChecked":1532700597629},"outcome":{"error":false,"responseCode":404},"state":"down","alert":false,"time":1532700657685}
{"check":{"id":"9n4670zfys5d33x6xvw9","userPhone":"1234567890","protocol":"http","url":"www.google.com/lol","method":"get","successCodes":[200,201],"timeoutSeconds":3,"state":"down","lastChecked":1532700657685},"outcome":{"error":false,"responseCode":404},"state":"down","alert":false,"time":1532700717702}
{"check":{"id":"9n4670zfys5d33x6xvw9","userPhone":"1234567890","protocol":"http","url":"www.google.com/lol","method":"get","successCodes":[200,201],"timeoutSeconds":3,"state":"down","lastChecked":1532700717702},"outcome":{"error":false,"responseCode":404},"state":"down","alert":false,"time":1532700777752}
{"check":{"id":"9n4670zfys5d33x6xvw9","userPhone":"1234567890","protocol":"http","url":"www.google.com/lol","method":"get","successCodes":[200,201],"timeoutSeconds":3,"state":"down","lastChecked":1532700777752},"outcome":{"error":false,"responseCode":404},"state":"down","alert":false,"time":1532700837846}
{"check":{"id":"9n4670zfys5d33x6xvw9","userPhone":"1234567890","protocol":"http","url":"www.google.com/lol","method":"get","successCodes":[200,201],"timeoutSeconds":3,"state":"down","lastChecked":1532700837846},"outcome":{"error":false,"responseCode":404},"state":"down","alert":false,"time":1532700897885}
{"check":{"id":"9n4670zfys5d33x6xvw9","userPhone":"1234567890","protocol":"http","url":"www.google.com/lol","method":"get","successCodes":[200,201],"timeoutSeconds":3,"state":"down","lastChecked":1532700897885},"outcome":{"error":false,"responseCode":404},"state":"down","alert":false,"time":1532700957933}
{"check":{"id":"9n4670zfys5d33x6xvw9","userPhone":"1234567890","protocol":"http","url":"www.google.com/lol","method":"get","successCodes":[200,201],"timeoutSeconds":3,"state":"down","lastChecked":1532700957933},"outcome":{"error":false,"responseCode":404},"state":"down","alert":false,"time":1532701017978}
{"check":{"id":"9n4670zfys5d33x6xvw9","userPhone":"1234567890","protocol":"http","url":"www.google.com/lol","method":"get","successCodes":[200,201],"timeoutSeconds":3,"state":"down","lastChecked":1532701017978},"outcome":{"error":false,"responseCode":404},"state":"down","alert":false,"time":1532701078043}
{"check":{"id":"9n4670zfys5d33x6xvw9","userPhone":"1234567890","protocol":"http","url":"www.google.com/lol","method":"get","successCodes":[200,201],"timeoutSeconds":3,"state":"down","lastChecked":1532701078043},"outcome":{"error":false,"responseCode":404},"state":"down","alert":false,"time":1532701138102}
{"check":{"id":"9n4670zfys5d33x6xvw9","userPhone":"1234567890","protocol":"http","url":"www.google.com/lol","method":"get","successCodes":[200,201],"timeoutSeconds":3,"state":"down","lastChecked":1532701138102},"outcome":{"error":false,"responseCode":404},"state":"down","alert":false,"time":1532701198208}
{"check":{"id":"9n4670zfys5d33x6xvw9","userPhone":"1234567890","protocol":"http","url":"www.google.com/lol","method":"get","successCodes":[200,201],"timeoutSeconds":3,"state":"down","lastChecked":1532701198208},"outcome":{"error":false,"responseCode":404},"state":"down","alert":false,"time":1532701258176}
{"check":{"id":"9n4670zfys5d33x6xvw9","userPhone":"1234567890","protocol":"http","url":"www.google.com/lol","method":"get","successCodes":[200,201],"timeoutSeconds":3,"state":"down","lastChecked":1532701258176},"outcome":{"error":false,"responseCode":404},"state":"down","alert":false,"time":1532701318189}
{"check":{"id":"9n4670zfys5d33x6xvw9","userPhone":"1234567890","protocol":"http","url":"www.google.com/lol","method":"get","successCodes":[200,201],"timeoutSeconds":3,"state":"down","lastChecked":1532701318189},"outcome":{"error":false,"responseCode":404},"state":"down","alert":false,"time":1532701378204}
{"check":{"id":"9n4670zfys5d33x6xvw9","userPhone":"1234567890","protocol":"http","url":"www.google.com/lol","method":"get","successCodes":[200,201],"timeoutSeconds":3,"state":"down","lastChecked":1532701378204},"outcome":{"error":false,"responseCode":404},"state":"down","alert":false,"time":1532701439021}
{"check":{"id":"9n4670zfys5d33x6xvw9","userPhone":"1234567890","protocol":"http","url":"www.google.com/lol","method":"get","successCodes":[200,201],"timeoutSeconds":3,"state":"down","lastChecked":1532701439021},"outcome":{"error":false,"responseCode":404},"state":"down","alert":false,"time":1532701498263}
{"check":{"id":"9n4670zfys5d33x6xvw9","userPhone":"1234567890","protocol":"http","url":"www.google.com/lol","method":"get","successCodes":[200,201],"timeoutSeconds":3,"state":"down","lastChecked":1532701498263},"outcome":{"error":false,"responseCode":404},"state":"down","alert":false,"time":1532701558339}
{"check":{"id":"9n4670zfys5d33x6xvw9","userPhone":"1234567890","protocol":"http","url":"www.google.com/lol","method":"get","successCodes":[200,201],"timeoutSeconds":3,"state":"down","lastChecked":1532701558339},"outcome":{"error":false,"responseCode":404},"state":"down","alert":false,"time":1532701618378}
{"check":{"id":"9n4670zfys5d33x6xvw9","userPhone":"1234567890","protocol":"http","url":"www.google.com/lol","method":"get","successCodes":[200,201],"timeoutSeconds":3,"state":"down","lastChecked":1532701618378},"outcome":{"error":false,"responseCode":404},"state":"down","alert":false,"time":1532701678379}
{"check":{"id":"9n4670zfys5d33x6xvw9","userPhone":"1234567890","protocol":"http","url":"www.google.com/lol","method":"get","successCodes":[200,201],"timeoutSeconds":3,"state":"down","lastChecked":1532701678379},"outcome":{"error":false,"responseCode":404},"state":"down","alert":false,"time":1532701738404}
{"check":{"id":"9n4670zfys5d33x6xvw9","userPhone":"1234567890","protocol":"http","url":"www.google.com/lol","method":"get","successCodes":[200,201],"timeoutSeconds":3,"state":"down","lastChecked":1532701738404},"outcome":{"error":false,"responseCode":404},"state":"down","alert":false,"time":1532701798435}
{"check":{"id":"9n4670zfys5d33x6xvw9","userPhone":"1234567890","protocol":"http","url":"www.google.com/lol","method":"get","successCodes":[200,201],"timeoutSeconds":3,"state":"down","lastChecked":1532701798435},"outcome":{"error":false,"responseCode":404},"state":"down","alert":false,"time":1532701858779}
{"check":{"id":"9n4670zfys5d33x6xvw9","userPhone":"1234567890","protocol":"http","url":"www.google.com/lol","method":"get","successCodes":[200,201],"timeoutSeconds":3,"state":"down","lastChecked":1532701858779},"outcome":{"error":false,"responseCode":404},"state":"down","alert":false,"time":1532701918537}
{"check":{"id":"9n4670zfys5d33x6xvw9","userPhone":"1234567890","protocol":"http","url":"www.google.com/lol","method":"get","successCodes":[200,201],"timeoutSeconds":3,"state":"down","lastChecked":1532701918537},"outcome":{"error":false,"responseCode":404},"state":"down","alert":false,"time":1532701978558}
{"check":{"id":"9n4670zfys5d33x6xvw9","userPhone":"1234567890","protocol":"http","url":"www.google.com/lol","method":"get","successCodes":[200,201],"timeoutSeconds":3,"state":"down","lastChecked":1532701978558},"outcome":{"error":false,"responseCode":404},"state":"down","alert":false,"time":1532702038590}
{"check":{"id":"9n4670zfys5d33x6xvw9","userPhone":"1234567890","protocol":"http","url":"www.google.com/lol","method":"get","successCodes":[200,201],"timeoutSeconds":3,"state":"down","lastChecked":1532702038590},"outcome":{"error":false,"responseCode":404},"state":"down","alert":false,"time":1532702098878}
{"check":{"id":"9n4670zfys5d33x6xvw9","userPhone":"1234567890","protocol":"http","url":"www.google.com/lol","method":"get","successCodes":[200,201],"timeoutSeconds":3,"state":"down","lastChecked":1532702098878},"outcome":{"error":false,"responseCode":404},"state":"down","alert":false,"time":1532702158714}
{"check":{"id":"9n4670zfys5d33x6xvw9","userPhone":"1234567890","protocol":"http","url":"www.google.com/lol","method":"get","successCodes":[200,201],"timeoutSeconds":3,"state":"down","lastChecked":1532702158714},"outcome":{"error":false,"responseCode":404},"state":"down","alert":false,"time":1532702218764}
{"check":{"id":"9n4670zfys5d33x6xvw9","userPhone":"1234567890","protocol":"http","url":"www.google.com/lol","method":"get","successCodes":[200,201],"timeoutSeconds":3,"state":"down","lastChecked":1532702218764},"outcome":{"error":false,"responseCode":404},"state":"down","alert":false,"time":1532702278837}
{"check":{"id":"9n4670zfys5d33x6xvw9","userPhone":"1234567890","protocol":"http","url":"www.google.com/lol","method":"get","successCodes":[200,201],"timeoutSeconds":3,"state":"down","lastChecked":1532702278837},"outcome":{"error":false,"responseCode":404},"state":"down","alert":false,"time":1532702338787}
{"check":{"id":"9n4670zfys5d33x6xvw9","userPhone":"1234567890","protocol":"http","url":"www.google.com/lol","method":"get","successCodes":[200,201],"timeoutSeconds":3,"state":"down","lastChecked":1532702338787},"outcome":{"error":false,"responseCode":404},"state":"down","alert":false,"time":1532702398846}
{"check":{"id":"9n4670zfys5d33x6xvw9","userPhone":"1234567890","protocol":"http","url":"www.google.com/lol","method":"get","successCodes":[200,201],"timeoutSeconds":3,"state":"down","lastChecked":1532702398846},"outcome":{"error":false,"responseCode":404},"state":"down","alert":false,"time":1532702458920}
{"check":{"id":"9n4670zfys5d33x6xvw9","userPhone":"1234567890","protocol":"http","url":"www.google.com/lol","method":"get","successCodes":[200,201],"timeoutSeconds":3,"state":"down","lastChecked":1532702458920},"outcome":{"error":false,"responseCode":404},"state":"down","alert":false,"time":1532702518951}
{"check":{"id":"9n4670zfys5d33x6xvw9","userPhone":"1234567890","protocol":"http","url":"www.google.com/lol","method":"get","successCodes":[200,201],"timeoutSeconds":3,"state":"down","lastChecked":1532702518951},"outcome":{"error":false,"responseCode":404},"state":"down","alert":false,"time":1532702579012}
{"check":{"id":"9n4670zfys5d33x6xvw9","userPhone":"1234567890","protocol":"http","url":"www.google.com/lol","method":"get","successCodes":[200,201],"timeoutSeconds":3,"state":"down","lastChecked":1532702579012},"outcome":{"error":false,"responseCode":404},"state":"down","alert":false,"time":1532702639064}
{"check":{"id":"9n4670zfys5d33x6xvw9","userPhone":"1234567890","protocol":"http","url":"www.google.com/lol","method":"get","successCodes":[200,201],"timeoutSeconds":3,"state":"down","lastChecked":1532702639064},"outcome":{"error":false,"responseCode":404},"state":"down","alert":false,"time":1532702699094}
{"check":{"id":"9n4670zfys5d33x6xvw9","userPhone":"1234567890","protocol":"http","url":"www.google.com/lol","method":"get","successCodes":[200,201],"timeoutSeconds":3,"state":"down","lastChecked":1532702699094},"outcome":{"error":false,"responseCode":404},"state":"down","alert":false,"time":1532702759580}
{"check":{"id":"9n4670zfys5d33x6xvw9","userPhone":"1234567890","protocol":"http","url":"www.google.com/lol","method":"get","successCodes":[200,201],"timeoutSeconds":3,"state":"down","lastChecked":1532702759580},"outcome":{"error":false,"responseCode":404},"state":"down","alert":false,"time":1532702819190}
{"check":{"id":"9n4670zfys5d33x6xvw9","userPhone":"1234567890","protocol":"http","url":"www.google.com/lol","method":"get","successCodes":[200,201],"timeoutSeconds":3,"state":"down","lastChecked":1532702819190},"outcome":{"error":false,"responseCode":404},"state":"down","alert":false,"time":1532703689194}
{"check":{"id":"9n4670zfys5d33x6xvw9","userPhone":"1234567890","protocol":"http","url":"www.google.com/lol","method":"get","successCodes":[200,201],"timeoutSeconds":3,"state":"down","lastChecked":1532703689194},"outcome":{"error":false,"responseCode":404},"state":"down","alert":false,"time":1532703710947}
{"check":{"id":"9n4670zfys5d33x6xvw9","userPhone":"1234567890","protocol":"http","url":"www.google.com/lol","method":"get","successCodes":[200,201],"timeoutSeconds":3,"state":"down","lastChecked":1532703710947},"outcome":{"error":false,"responseCode":404},"state":"down","alert":false,"time":1532703732659}
{"check":{"id":"9n4670zfys5d33x6xvw9","userPhone":"1234567890","protocol":"http","url":"www.google.com/lol","method":"get","successCodes":[200,201],"timeoutSeconds":3,"state":"down","lastChecked":1532703732659},"outcome":{"error":false,"responseCode":404},"state":"down","alert":false,"time":1532703933136}
{"check":{"id":"9n4670zfys5d33x6xvw9","userPhone":"1234567890","protocol":"http","url":"www.google.com/lol","method":"get","successCodes":[200,201],"timeoutSeconds":3,"state":"down","lastChecked":1532703933136},"outcome":{"error":false,"responseCode":404},"state":"down","alert":false,"time":1532703961465}
{"check":{"id":"9n4670zfys5d33x6xvw9","userPhone":"1234567890","protocol":"http","url":"www.google.com/lol","method":"get","successCodes":[200,201],"timeoutSeconds":3,"state":"down","lastChecked":1532703961465},"outcome":{"error":{"error":true,"value":{"errno":"EAI_AGAIN","code":"EAI_AGAIN","syscall":"getaddrinfo","hostname":"www.google.com","host":"www.google.com","port":80}},"responseCode":false},"state":"down","alert":false,"time":1532938208991}
{"check":{"id":"9n4670zfys5d33x6xvw9","userPhone":"1234567890","protocol":"http","url":"www.google.com/lol","method":"get","successCodes":[200,201],"timeoutSeconds":3,"state":"down","lastChecked":1532938208991},"outcome":{"error":{"error":true,"value":{"errno":"EAI_AGAIN","code":"EAI_AGAIN","syscall":"getaddrinfo","hostname":"www.google.com","host":"www.google.com","port":80}},"responseCode":false},"state":"down","alert":false,"time":1532938258496}
{"check":{"id":"9n4670zfys5d33x6xvw9","userPhone":"1234567890","protocol":"http","url":"www.google.com/lol","method":"get","successCodes":[200,201],"timeoutSeconds":3,"state":"down","lastChecked":1532938258496},"outcome":{"error":{"error":true,"value":{"errno":"EAI_AGAIN","code":"EAI_AGAIN","syscall":"getaddrinfo","hostname":"www.google.com","host":"www.google.com","port":80}},"responseCode":false},"state":"down","alert":false,"time":1532938318485}
{"check":{"id":"9n4670zfys5d33x6xvw9","userPhone":"1234567890","protocol":"http","url":"www.google.com/lol","method":"get","successCodes":[200,201],"timeoutSeconds":3,"state":"down","lastChecked":1532938318485},"outcome":{"error":{"error":true,"value":{"errno":"EAI_AGAIN","code":"EAI_AGAIN","syscall":"getaddrinfo","hostname":"www.google.com","host":"www.google.com","port":80}},"responseCode":false},"state":"down","alert":false,"time":1532938378515}
{"check":{"id":"9n4670zfys5d33x6xvw9","userPhone":"1234567890","protocol":"http","url":"www.google.com/lol","method":"get","successCodes":[200,201],"timeoutSeconds":3,"state":"down","lastChecked":1532938378515},"outcome":{"error":{"error":true,"value":{"errno":"EAI_AGAIN","code":"EAI_AGAIN","syscall":"getaddrinfo","hostname":"www.google.com","host":"www.google.com","port":80}},"responseCode":false},"state":"down","alert":false,"time":1532938438539}
{"check":{"id":"9n4670zfys5d33x6xvw9","userPhone":"1234567890","protocol":"http","url":"www.google.com/lol","method":"get","successCodes":[200,201],"timeoutSeconds":3,"state":"down","lastChecked":1532938438539},"outcome":{"error":{"error":true,"value":{"errno":"EAI_AGAIN","code":"EAI_AGAIN","syscall":"getaddrinfo","hostname":"www.google.com","host":"www.google.com","port":80}},"responseCode":false},"state":"down","alert":false,"time":1532938548419}
{"check":{"id":"9n4670zfys5d33x6xvw9","userPhone":"1234567890","protocol":"http","url":"www.google.com/lol","method":"get","successCodes":[200,201],"timeoutSeconds":3,"state":"down","lastChecked":1532938548419},"outcome":{"error":{"error":true,"value":{"errno":"EAI_AGAIN","code":"EAI_AGAIN","syscall":"getaddrinfo","hostname":"www.google.com","host":"www.google.com","port":80}},"responseCode":false},"state":"down","alert":false,"time":1532938575258}
